Environment variables loaded:
DATABASE_URL: Set
JWT_SECRET: Set
PORT: 3001
Connected to PostgreSQL database
Database connection successful
Users table created or already exists
node:events:486
      throw er; // Unhandled 'error' event
      ^

Error: listen EADDRINUSE: address already in use :::3001
    at Server.setupListenHandle [as _listen2] (node:net:1940:16)
    at listenInCluster (node:net:1997:12)
    at Server.listen (node:net:2102:7)
    at app.listen (/Users/prathameshjadhav/Documents/Web/Quantify_rating web/backend/node_modules/express/lib/application.js:635:24)
    at startServer (/Users/prathameshjadhav/Documents/Web/Quantify_rating web/backend/server.js:44:9)
    at process.processTicksAndRejections (node:internal/process/task_queues:105:5)
Emitted 'error' event on Server instance at:
    at emitErrorNT (node:net:1976:8)
    at process.processTicksAndRejections (node:internal/process/task_queues:90:21) {
  code: 'EADDRINUSE',
  errno: -48,
  syscall: 'listen',
  address: '::',
  port: 3001
}

Node.js v24.8.0
